Operating system: Linux
                  0.0.0 Linux 3.10.0-1160.99.1.el7.x86_64 #1 SMP Thu Aug 10 10:46:21 EDT 2023 x86_64
CPU: x86
     GenuineIntel family 6 model 85 stepping 6
     1 CPU

GPU: UNKNOWN

Crash reason:  DUMP_REQUESTED
Crash address: 0xf701037d
Process uptime: not available

Thread 0 (crashed)
 0  libcbreakpad.so + 0x2e37d
    eip = 0xf701037d   esp = 0x0083849e   ebp = 0xffd77e88   ebx = 0xf7043000
    esi = 0xffd77f38   edi = 0xffd77eb8   eax = 0x00000000   ecx = 0x00000001
    edx = 0x00000000   efl = 0xf6feac20
    Found by: given as instruction pointer in context
 1  libcbreakpad.so + 0x2c665
    eip = 0xf700e665   esp = 0xffd77e90   ebp = 0xffd77fe8
    Found by: previous frame's frame pointer
 2  simvision.exe + 0x18a0bb
    eip = 0x081d20bb   esp = 0xffd77ff0   ebp = 0xffd77ff8
    Found by: previous frame's frame pointer
 3  linux-gate.so + 0x410
    eip = 0xf7709410   esp = 0xffd78000   ebp = 0x095c3bd0
    Found by: previous frame's frame pointer
 4  simvision.exe + 0x157be80
    eip = 0x095c3e80   esp = 0xffd78020   ebp = 0x095c3bd0
    Found by: stack scanning
 5  simvision.exe + 0x157bea8
    eip = 0x095c3ea8   esp = 0xffd78024   ebp = 0x095c3bd0
    Found by: stack scanning
 6  simvision.exe + 0x157be80
    eip = 0x095c3e80   esp = 0xffd78028   ebp = 0x095c3bd0
    Found by: stack scanning
 7  simvision.exe + 0x157be80
    eip = 0x095c3e80   esp = 0xffd7802c   ebp = 0x095c3bd0
    Found by: stack scanning
 8  simvision.exe + 0x157bfac
    eip = 0x095c3fac   esp = 0xffd78030   ebp = 0x095c3bd0
    Found by: stack scanning
 9  simvision.exe + 0x157bed0
    eip = 0x095c3ed0   esp = 0xffd78038   ebp = 0x095c3bd0
    Found by: stack scanning
10  simvision.exe + 0x157bea8
    eip = 0x095c3ea8   esp = 0xffd78040   ebp = 0x095c3bd0
    Found by: stack scanning
11  simvision.exe + 0x157bea8
    eip = 0x095c3ea8   esp = 0xffd78044   ebp = 0x095c3bd0
    Found by: stack scanning
12  simvision.exe + 0x157bed0
    eip = 0x095c3ed0   esp = 0xffd78048   ebp = 0x095c3bd0
    Found by: stack scanning
13  simvision.exe + 0x157be80
    eip = 0x095c3e80   esp = 0xffd7804c   ebp = 0x095c3bd0
    Found by: stack scanning
14  simvision.exe + 0x157be80
    eip = 0x095c3e80   esp = 0xffd78050   ebp = 0x095c3bd0
    Found by: stack scanning
15  simvision.exe + 0x157bed0
    eip = 0x095c3ed0   esp = 0xffd78054   ebp = 0x095c3bd0
    Found by: stack scanning
16  simvision.exe + 0x157be80
    eip = 0x095c3e80   esp = 0xffd7805c   ebp = 0x095c3bd0
    Found by: stack scanning
17  simvision.exe + 0x157be80
    eip = 0x095c3e80   esp = 0xffd78060   ebp = 0x095c3bd0
    Found by: stack scanning
18  simvision.exe + 0x157be80
    eip = 0x095c3e80   esp = 0xffd78064   ebp = 0x095c3bd0
    Found by: stack scanning
19  simvision.exe + 0x157bed0
    eip = 0x095c3ed0   esp = 0xffd78078   ebp = 0x095c3bd0
    Found by: stack scanning
20  simvision.exe + 0x157be80
    eip = 0x095c3e80   esp = 0xffd7807c   ebp = 0x095c3bd0
    Found by: stack scanning
21  simvision.exe + 0x157bea8
    eip = 0x095c3ea8   esp = 0xffd78080   ebp = 0x095c3bd0
    Found by: stack scanning
22  simvision.exe + 0x1002e84
    eip = 0x0904ae84   esp = 0xffd78084   ebp = 0x095c3bd0
    Found by: stack scanning
23  simvision.exe + 0x108a13c
    eip = 0x090d213c   esp = 0xffd7808c   ebp = 0x095c3bd0
    Found by: stack scanning
24  simvision.exe + 0x157bea8
    eip = 0x095c3ea8   esp = 0xffd780b4   ebp = 0x095c3bd0
    Found by: stack scanning
25  simvision.exe + 0x1533000
    eip = 0x0957b000   esp = 0xffd780b8   ebp = 0x095c3bd0
    Found by: stack scanning
26  simvision.exe + 0x157bbd0
    eip = 0x095c3bd0   esp = 0xffd780bc   ebp = 0x095c3bd0
    Found by: stack scanning
27  simvision.exe + 0x9d4978
    eip = 0x08a1c978   esp = 0xffd780dc   ebp = 0x095c3bd0
    Found by: stack scanning
28  simvision.exe + 0x1533000
    eip = 0x0957b000   esp = 0xffd7810c   ebp = 0x095c3bd0
    Found by: stack scanning
29  simvision.exe + 0x9c8319
    eip = 0x08a10319   esp = 0xffd78120   ebp = 0x095c3bd0
    Found by: stack scanning
30  simvision.exe + 0x9c8319
    eip = 0x08a10319   esp = 0xffd7818c   ebp = 0x095c3bd0
    Found by: stack scanning

Loaded modules:
0x08048000 - 0x095fcfff  simvision.exe  ???  (main)  (WARNING: No symbols, simvision.exe, 667629E34FDBFB0473830EC7B8F268750)
0xf6bc4000 - 0xf6bc8fff  sv_databrowser.so  ???
0xf6bc9000 - 0xf6bcdfff  heapanalyzer.so  ???
0xf6c28000 - 0xf6c2cfff  invoke_ida.so  ???
0xf6c2d000 - 0xf6c3afff  txepi.so  ???
0xf6cb1000 - 0xf6fe1fff  locale-archive  ???
0xf6fe2000 - 0xf7044fff  libcbreakpad.so  ???  (WARNING: No symbols, libcbreakpad.so, 1AB5CCC0197DFE49BB685B0FAD9EB01C0)
0xf708c000 - 0xf70c0fff  libxmjudy.so.1.0.3  ???
0xf70c1000 - 0xf70d7fff  libresolv-2.17.so  ???
0xf70da000 - 0xf70e0fff  libnss_dns-2.17.so  ???
0xf70e1000 - 0xf70edfff  libnss_files-2.17.so  ???
0xf70f7000 - 0xf70fafff  libXau.so.6.0.0  ???
0xf70fb000 - 0xf7125fff  libxcb.so.1.1.0  ???
0xf7126000 - 0xf7142fff  libgcc_s.so.1  ???
0xf7143000 - 0xf7155fff  libXext.so.6.4.0  ???
0xf7156000 - 0xf7291fff  libX11.so.6.3.0  ???
0xf7293000 - 0xf7456fff  libc-2.17.so  ???
0xf7457000 - 0xf745afff  libc-2.17.so  ???
0xf745e000 - 0xf749ffff  libm-2.17.so  ???
0xf74a0000 - 0xf74a4fff  libdl-2.17.so  ???
0xf74a5000 - 0xf7679fff  libstdc++.so.6.0.28  ???
0xf767c000 - 0xf76aefff  lib_cadencehelp.so.2.0.0  ???
0xf76b1000 - 0xf76cffff  libcdsCommon_sh.so  ???
0xf76d4000 - 0xf76ecfff  libpthread-2.17.so  ???
0xf76ef000 - 0xf76f7fff  librt-2.17.so  ???
0xf76f9000 - 0xf76fafff  get_open_dbs.so  ???
0xf76fb000 - 0xf76fffff  waveform_frequency_plot_plugin.so  ???
0xf7700000 - 0xf7704fff  eswtrace.so  ???
0xf7705000 - 0xf7706fff  libpdinit.so  ???
0xf7707000 - 0xf7707fff  locale-archive  ???
0xf7709000 - 0xf7709fff  linux-gate.so  ???  (WARNING: No symbols, linux-gate.so, D16C0C99B478EC84532B08275EBC8D500)
0xf770a000 - 0xf772dfff  ld-2.17.so  ???

******BACKTRACE*****
******BACKTRACE END*****