xrun: 22.09-s011: (c) Copyright 1995-2023 Cadence Design Systems, Inc.
TOOL:	xrun	22.09-s011: Started on Nov 21, 2023 at 23:04:08 EST
xrun
	../rtl/RNG.v
	../rtl/GARO.v
	RNGTB.v
	-access +rwc
	-gui
	-linedebug
	-top RNGTB
xrun: *W,BADPRF: The -linedebug option may have an adverse performance impact.
file: ../rtl/RNG.v
	module worklib.RNG:v
		errors: 0, warnings: 0
file: ../rtl/GARO.v
	module worklib.GARO:v
		errors: 0, warnings: 0
file: RNGTB.v
	module worklib.RNGTB:v
		errors: 0, warnings: 0
	Elaborating the design hierarchy:
		Caching library 'worklib' ....... Done
	Top level design units:
		RNGTB
	Building instance overlay tables: .................... Done
	Generating native compiled code:
		worklib.GARO:v <0x03e94bb0>
			streams:   7, words:  1588
		worklib.RNG:v <0x5e08cff5>
			streams:   0, words:     0
		worklib.RNGTB:v <0x324b0279>
			streams:   5, words:  3807
	Building instance specific data structures.
	Loading native compiled code:     .................... Done
	Design hierarchy summary:
		              Instances  Unique
		Modules:              3       3
		Registers:            5       5
		Scalar wires:        37       -
		Always blocks:        2       2
		Initial blocks:       1       1
		Cont. assignments:    2      33
		Pseudo assignments:   3       3
	Writing initial simulation snapshot: worklib.RNGTB:v
xmsim: *W,NOMTDGUI: Multi-Threaded Dumping is disabled for interactive debug mode.

-------------------------------------
Relinquished control to SimVision...
xcelium> 
xcelium> source /opt/cadence/XCELIUM2209/tools/xcelium/files/xmsimrc
xcelium> database -open waves -into waves.shm -default
Created default SHM database waves
xcelium> probe -create -shm RNGTB.dut.rng1.clk RNGTB.dut.rng1.meta1 RNGTB.dut.rng1.meta2 RNGTB.dut.rng1.random RNGTB.dut.rng1.reset_n RNGTB.dut.rng1.stage RNGTB.dut.rng1.stop
Created probe 1
xcelium> run
Output bit: 0
Output bit: x
Output bit: 1
Output bit: 1
Output bit: 1
Output bit: 1
Output bit: 1
Output bit: 1
Output bit: 1
Output bit: 1
Output bit: 1
Output bit: 1
Output bit: 1
Output bit: 1
Output bit: 1
Output bit: 1
Output bit: 1
Output bit: 1
Output bit: 1
Output bit: 1
Output bit: 1
Output bit: 1
Output bit: 1
Output bit: 1
Output bit: 1
Output bit: 1
Output bit: 1
Output bit: 1
Output bit: 1
Output bit: 1
Output bit: 1
Output bit: 1
Output bit: 1
Output bit: 1
Output bit: 1
Output bit: 1
Output bit: 1
Output bit: 1
Output bit: 1
Output bit: 1
Output bit: 1
Output bit: 1
Output bit: 1
Output bit: 1
Output bit: 1
Output bit: 1
Output bit: 1
Output bit: 1
Output bit: 1
Output bit: 1
Output bit: 1
Output bit: 1
Output bit: 1
Output bit: 1
Output bit: 1
Output bit: 1
Output bit: 1
Output bit: 1
Output bit: 1
Output bit: 1
Output bit: 1
Output bit: 1
Output bit: 1
Output bit: 1
Output bit: 1
Output bit: 1
Output bit: 1
Output bit: 1
Output bit: 1
Output bit: 1
Output bit: 1
Output bit: 1
Output bit: 1
Output bit: 1
Output bit: 1
Output bit: 1
Output bit: 1
Output bit: 1
Output bit: 1
Output bit: 1
Output bit: 1
Output bit: 1
Output bit: 1
Output bit: 1
Output bit: 1
Output bit: 1
Output bit: 1
Output bit: 1
Output bit: 1
Output bit: 1
Output bit: 1
Output bit: 1
Output bit: 1
Output bit: 1
Output bit: 1
Output bit: 1
Output bit: 1
Output bit: 1
Output bit: 1
Output bit: 1
Output bit: 1
Output bit: 1
Output bit: 1
Output bit: 1
Output bit: 1
Output bit: 1
Output bit: 1
Output bit: 1
Output bit: 1
Output bit: 1
Output bit: 1
Output bit: 1
Output bit: 1
Output bit: 1
Output bit: 1
Output bit: 1
Output bit: 1
Output bit: 1
Output bit: 1
Output bit: 1
Output bit: 1
Output bit: 1
Output bit: 1
Output bit: 1
Output bit: 1
Output bit: 1
Output bit: 1
Output bit: 1
Output bit: 1
Output bit: 1
Output bit: 1
Output bit: 1
Output bit: 1
Output bit: 1
Output bit: 1
Output bit: 1
Output bit: 1
Output bit: 1
Output bit: 1
Output bit: 1
Output bit: 1
Output bit: 1
Output bit: 1
Output bit: 1
Output bit: 1
Output bit: 1
Output bit: 1
Output bit: 1
Output bit: 1
Output bit: 1
Output bit: 1
Output bit: 1
Output bit: 1
Output bit: 1
Output bit: 1
Output bit: 1
Output bit: 1
Output bit: 1
Output bit: 1
Output bit: 1
Output bit: 1
Output bit: 1
Output bit: 1
Output bit: 1
Output bit: 1
Output bit: 1
Output bit: 1
Output bit: 1
Output bit: 1
Output bit: 1
Output bit: 1
Output bit: 1
Output bit: 1
Output bit: 1
Output bit: 1
Output bit: 1
Output bit: 1
Output bit: 1
Output bit: 1
Output bit: 1
Output bit: 1
Output bit: 1
Output bit: 1
Output bit: 1
Output bit: 1
Output bit: 1
Output bit: 1
Output bit: 1
Output bit: 1
Output bit: 1
Output bit: 1
Output bit: 1
Output bit: 1
Output bit: 1
Output bit: 1
Output bit: 1
Output bit: 1
Output bit: 1
Output bit: 1
Output bit: 1
Output bit: 1
Output bit: 1
Output bit: 1
Output bit: 1
Output bit: 1
Output bit: 1
Output bit: 1
Output bit: 1
Output bit: 1
Output bit: 1
Output bit: 1
Output bit: 1
Output bit: 1
Output bit: 1
Output bit: 1
Output bit: 1
Output bit: 1
Output bit: 1
Output bit: 1
Output bit: 1
Output bit: 1
Output bit: 1
Output bit: 1
Output bit: 1
Output bit: 1
Output bit: 1
Output bit: 1
Output bit: 1
Output bit: 1
Output bit: 1
Output bit: 1
Output bit: 1
Output bit: 1
Output bit: 1
Output bit: 1
Output bit: 1
Output bit: 1
Output bit: 1
Output bit: 1
Output bit: 1
Output bit: 1
Output bit: 1
Output bit: 1
Output bit: 1
Output bit: 1
Output bit: 1
Output bit: 1
Output bit: 1
Output bit: 1
Output bit: 1
Output bit: 1
Output bit: 1
Output bit: 1
Output bit: 1
Output bit: 1
Output bit: 1
Output bit: 1
Output bit: 1
Output bit: 1
Output bit: 1
Output bit: 1
Output bit: 1
Output bit: 1
Output bit: 1
Output bit: 1
Output bit: 1
Output bit: 1
Output bit: 1
Output bit: 1
Output bit: 1
Output bit: 1
Output bit: 1
Output bit: 1
Output bit: 1
Output bit: 1
Output bit: 1
Output bit: 1
Output bit: 1
Output bit: 1
Output bit: 1
Output bit: 1
Output bit: 1
Output bit: 1
Output bit: 1
Output bit: 1
Output bit: 1
Output bit: 1
Output bit: 1
Output bit: 1
Output bit: 1
Output bit: 1
Output bit: 1
Output bit: 1
Output bit: 1
Output bit: 1
Output bit: 1
Output bit: 1
Output bit: 1
Output bit: 1
Output bit: 1
Output bit: 1
Output bit: 1
Output bit: 1
Output bit: 1
Output bit: 1
Output bit: 1
Output bit: 1
Output bit: 1
Output bit: 1
Output bit: 1
Output bit: 1
Output bit: 1
Output bit: 1
Output bit: 1
Output bit: 1
Output bit: 1
Output bit: 1
Output bit: 1
Output bit: 1
Output bit: 1
Output bit: 1
Output bit: 1
Output bit: 1
Output bit: 1
Output bit: 1
Output bit: 1
Output bit: 1
Output bit: 1
Output bit: 1
Output bit: 1
Output bit: 1
Output bit: 1
Output bit: 1
Output bit: 1
Output bit: 1
Output bit: 1
Output bit: 1
Output bit: 1
Output bit: 1
Output bit: 1
Output bit: 1
Output bit: 1
Output bit: 1
Output bit: 1
Output bit: 1
Output bit: 1
Output bit: 1
Output bit: 1
Output bit: 1
Output bit: 1
Output bit: 1
Output bit: 1
Output bit: 1
Output bit: 1
Output bit: 1
Output bit: 1
Output bit: 1
Output bit: 1
Output bit: 1
Output bit: 1
Output bit: 1
Output bit: 1
Output bit: 1
Output bit: 1
Output bit: 1
Output bit: 1
Output bit: 1
Output bit: 1
Output bit: 1
Output bit: 1
Output bit: 1
Output bit: 1
Output bit: 1
Output bit: 1
Output bit: 1
Output bit: 1
Output bit: 1
Output bit: 1
Output bit: 1
Output bit: 1
Output bit: 1
Output bit: 1
Output bit: 1
Output bit: 1
Output bit: 1
Output bit: 1
Output bit: 1
Output bit: 1
Output bit: 1
Output bit: 1
Output bit: 1
Output bit: 1
Output bit: 1
Output bit: 1
Output bit: 1
Output bit: 1
Output bit: 1
Output bit: 1
Output bit: 1
Output bit: 1
Output bit: 1
Output bit: 1
Output bit: 1
Output bit: 1
Output bit: 1
Output bit: 1
Output bit: 1
Output bit: 1
Output bit: 1
Output bit: 1
Output bit: 1
Output bit: 1
Output bit: 1
Output bit: 1
Output bit: 1
Output bit: 1
Output bit: 1
Output bit: 1
Output bit: 1
Output bit: 1
Output bit: 1
Output bit: 1
Output bit: 1
Output bit: 1
Output bit: 1
Output bit: 1
Output bit: 1
Output bit: 1
Output bit: 1
Output bit: 1
Output bit: 1
Output bit: 1
Output bit: 1
Output bit: 1
Output bit: 1
Output bit: 1
Output bit: 1
Output bit: 1
Output bit: 1
Output bit: 1
Output bit: 1
Output bit: 1
Output bit: 1
Output bit: 1
Output bit: 1
Output bit: 1
Output bit: 1
Output bit: 1
Output bit: 1
Output bit: 1
Output bit: 1
Output bit: 1
Output bit: 1
Output bit: 1
Output bit: 1
Output bit: 1
Output bit: 1
Output bit: 1
Output bit: 1
Output bit: 1
Output bit: 1
Output bit: 1
Output bit: 1
Output bit: 1
Output bit: 1
Output bit: 1
Output bit: 1
Output bit: 1
Output bit: 1
Output bit: 1
Output bit: 1
Output bit: 1
Output bit: 1
Output bit: 1
Output bit: 1
Output bit: 1
Output bit: 1
Output bit: 1
Output bit: 1
Output bit: 1
Output bit: 1
Output bit: 1
Output bit: 1
Output bit: 1
Output bit: 1
Output bit: 1
Output bit: 1
Output bit: 1
Output bit: 1
Output bit: 1
Output bit: 1
Output bit: 1
Output bit: 1
Output bit: 1
Output bit: 1
Output bit: 1
Output bit: 1
Output bit: 1
Output bit: 1
Output bit: 1
Output bit: 1
Output bit: 1
Output bit: 1
Output bit: 1
Output bit: 1
Output bit: 1
Output bit: 1
Output bit: 1
Output bit: 1
Output bit: 1
Output bit: 1
Output bit: 1
Output bit: 1
Output bit: 1
Output bit: 1
Output bit: 1
Output bit: 1
Output bit: 1
Output bit: 1
Output bit: 1
Output bit: 1
Output bit: 1
Output bit: 1
Output bit: 1
Output bit: 1
Output bit: 1
Output bit: 1
Output bit: 1
Output bit: 1
Output bit: 1
Output bit: 1
Output bit: 1
Output bit: 1
Output bit: 1
Output bit: 1
Output bit: 1
Output bit: 1
Output bit: 1
Output bit: 1
Output bit: 1
Output bit: 1
Output bit: 1
Output bit: 1
Output bit: 1
Output bit: 1
Output bit: 1
Output bit: 1
Output bit: 1
Output bit: 1
Output bit: 1
Output bit: 1
Output bit: 1
Output bit: 1
Output bit: 1
Output bit: 1
Output bit: 1
Output bit: 1
Output bit: 1
Output bit: 1
Output bit: 1
Output bit: 1
Output bit: 1
Output bit: 1
Output bit: 1
Output bit: 1
Output bit: 1
Output bit: 1
Output bit: 1
Output bit: 1
Output bit: 1
Output bit: 1
Output bit: 1
Output bit: 1
Output bit: 1
Output bit: 1
Output bit: 1
Output bit: 1
Output bit: 1
Output bit: 1
Output bit: 1
Output bit: 1
Output bit: 1
Output bit: 1
Output bit: 1
Output bit: 1
Output bit: 1
Output bit: 1
Output bit: 1
Output bit: 1
Output bit: 1
Output bit: 1
Output bit: 1
Output bit: 1
Output bit: 1
Output bit: 1
Output bit: 1
Output bit: 1
Output bit: 1
Output bit: 1
Output bit: 1
Output bit: 1
Output bit: 1
Output bit: 1
Output bit: 1
Output bit: 1
Output bit: 1
Output bit: 1
Output bit: 1
Output bit: 1
Output bit: 1
Output bit: 1
Output bit: 1
Output bit: 1
Output bit: 1
Output bit: 1
Output bit: 1
Output bit: 1
Output bit: 1
Output bit: 1
Output bit: 1
Output bit: 1
Output bit: 1
Output bit: 1
Output bit: 1
Output bit: 1
Output bit: 1
Output bit: 1
Output bit: 1
Output bit: 1
Output bit: 1
Output bit: 1
Output bit: 1
Output bit: 1
Output bit: 1
Output bit: 1
Output bit: 1
Output bit: 1
Output bit: 1
Output bit: 1
Output bit: 1
Output bit: 1
Output bit: 1
Output bit: 1
Output bit: 1
Output bit: 1
Output bit: 1
Output bit: 1
Output bit: 1
Output bit: 1
Output bit: 1
Output bit: 1
Output bit: 1
Output bit: 1
Output bit: 1
Output bit: 1
Output bit: 1
Output bit: 1
Output bit: 1
Output bit: 1
Output bit: 1
Output bit: 1
Output bit: 1
Output bit: 1
Output bit: 1
Output bit: 1
Output bit: 1
Output bit: 1
Output bit: 1
Output bit: 1
Output bit: 1
Output bit: 1
Output bit: 1
Output bit: 1
Output bit: 1
Output bit: 1
Output bit: 1
Output bit: 1
Output bit: 1
Output bit: 1
Output bit: 1
Output bit: 1
Output bit: 1
Output bit: 1
Output bit: 1
Output bit: 1
Output bit: 1
Output bit: 1
Output bit: 1
Output bit: 1
Output bit: 1
Output bit: 1
Output bit: 1
Output bit: 1
Output bit: 1
Output bit: 1
Output bit: 1
Output bit: 1
Output bit: 1
Output bit: 1
Output bit: 1
Output bit: 1
Output bit: 1
Output bit: 1
Output bit: 1
Output bit: 1
Output bit: 1
Output bit: 1
Output bit: 1
Output bit: 1
Output bit: 1
Output bit: 1
Output bit: 1
Output bit: 1
Output bit: 1
Output bit: 1
Output bit: 1
Output bit: 1
Output bit: 1
Output bit: 1
Output bit: 1
Output bit: 1
Output bit: 1
Output bit: 1
Output bit: 1
Output bit: 1
Output bit: 1
Output bit: 1
Output bit: 1
Output bit: 1
Output bit: 1
Output bit: 1
Output bit: 1
Output bit: 1
Output bit: 1
Output bit: 1
Output bit: 1
Output bit: 1
Output bit: 1
Output bit: 1
Output bit: 1
Output bit: 1
Output bit: 1
Output bit: 1
Output bit: 1
Output bit: 1
Output bit: 1
Output bit: 1
Output bit: 1
Output bit: 1
Output bit: 1
Output bit: 1
Output bit: 1
Output bit: 1
Output bit: 1
Output bit: 1
Output bit: 1
Output bit: 1
Output bit: 1
Output bit: 1
Output bit: 1
Output bit: 1
Output bit: 1
Output bit: 1
Output bit: 1
Output bit: 1
Output bit: 1
Output bit: 1
Output bit: 1
Output bit: 1
Output bit: 1
Output bit: 1
Output bit: 1
Output bit: 1
Output bit: 1
Output bit: 1
Output bit: 1
Output bit: 1
Output bit: 1
Output bit: 1
Output bit: 1
Output bit: 1
Output bit: 1
Output bit: 1
Output bit: 1
Output bit: 1
Output bit: 1
Output bit: 1
Output bit: 1
Output bit: 1
Output bit: 1
Output bit: 1
Output bit: 1
Output bit: 1
Output bit: 1
Output bit: 1
Output bit: 1
Output bit: 1
Output bit: 1
Output bit: 1
Output bit: 1
Output bit: 1
Output bit: 1
Output bit: 1
Output bit: 1
Output bit: 1
Output bit: 1
Output bit: 1
Output bit: 1
Output bit: 1
Output bit: 1
Output bit: 1
Output bit: 1
Output bit: 1
Output bit: 1
Output bit: 1
Output bit: 1
Output bit: 1
Output bit: 1
Output bit: 1
Output bit: 1
Output bit: 1
Output bit: 1
Output bit: 1
Output bit: 1
Output bit: 1
Output bit: 1
Output bit: 1
Output bit: 1
Output bit: 1
Output bit: 1
Output bit: 1
Output bit: 1
Output bit: 1
Output bit: 1
Output bit: 1
Output bit: 1
Output bit: 1
Output bit: 1
Output bit: 1
Output bit: 1
Output bit: 1
Output bit: 1
Output bit: 1
Output bit: 1
Output bit: 1
Output bit: 1
Output bit: 1
Output bit: 1
Output bit: 1
Output bit: 1
Output bit: 1
Output bit: 1
Output bit: 1
Output bit: 1
Output bit: 1
Output bit: 1
Output bit: 1
Output bit: 1
Output bit: 1
Output bit: 1
Output bit: 1
Output bit: 1
Output bit: 1
Output bit: 1
Output bit: 1
Output bit: 1
Output bit: 1
Output bit: 1
Output bit: 1
Output bit: 1
Output bit: 1
Output bit: 1
Output bit: 1
Output bit: 1
Output bit: 1
Output bit: 1
Output bit: 1
Output bit: 1
Output bit: 1
Output bit: 1
Output bit: 1
Output bit: 1
Output bit: 1
Output bit: 1
Output bit: 1
Output bit: 1
Output bit: 1
Output bit: 1
Output bit: 1
Output bit: 1
Output bit: 1
Output bit: 1
Output bit: 1
Output bit: 1
Output bit: 1
Output bit: 1
Output bit: 1
Output bit: 1
Output bit: 1
Output bit: 1
Output bit: 1
Output bit: 1
Output bit: 1
Output bit: 1
Output bit: 1
Output bit: 1
Output bit: 1
Output bit: 1
Output bit: 1
Output bit: 1
Output bit: 1
Output bit: 1
Output bit: 1
Output bit: 1
Output bit: 1
Output bit: 1
Output bit: 1
Output bit: 1
Output bit: 1
Output bit: 1
Output bit: 1
Output bit: 1
Output bit: 1
Output bit: 1
Output bit: 1
Output bit: 1
Output bit: 1
Output bit: 1
Output bit: 1
Output bit: 1
Output bit: 1
Output bit: 1
Output bit: 1
Output bit: 1
Output bit: 1
Output bit: 1
Output bit: 1
Output bit: 1
Output bit: 1
Output bit: 1
Output bit: 1
Output bit: 1
Output bit: 1
Output bit: 1
Output bit: 1
Output bit: 1
Output bit: 1
Output bit: 1
Output bit: 1
Output bit: 1
Output bit: 1
Output bit: 1
Output bit: 1
Output bit: 1
Output bit: 1
Output bit: 1
Output bit: 1
Output bit: 1
Output bit: 1
Output bit: 1
Output bit: 1
Output bit: 1
Output bit: 1
Output bit: 1
Output bit: 1
Output bit: 1
Output bit: 1
Output bit: 1
Output bit: 1
Output bit: 1
Output bit: 1
Output bit: 1
Output bit: 1
Output bit: 1
Output bit: 1
Output bit: 1
Output bit: 1
Output bit: 1
Output bit: 1
Output bit: 1
Output bit: 1
Output bit: 1
Output bit: 1
Output bit: 1
Output bit: 1
Output bit: 1
Output bit: 1
Output bit: 1
Output bit: 1
Output bit: 1
Output bit: 1
Output bit: 1
Output bit: 1
Output bit: 1
Output bit: 1
Output bit: 1
Output bit: 1
Output bit: 1
Output bit: 1
Output bit: 1
Simulation complete via $finish(1) at time 10005 NS + 0
./RNGTB.v:36 		$finish;
xcelium> ^C
xcelium> exit
TOOL:	xrun	22.09-s011: Exiting on Nov 21, 2023 at 23:08:54 EST  (total: 00:04:46)
