/opt/cadence/XCELIUM2209/tools.lnx86/simvision/bin/simvision.exe
Obtained 58 stack frames.
/opt/cadence/XCELIUM2209/tools.lnx86/simvision/bin/../../lib/libcbreakpad.so(_Z13use_backtracev+0xa1) [0xf700e2b0]
/opt/cadence/XCELIUM2209/tools.lnx86/simvision/bin/../../lib/libcbreakpad.so(cbpad_generate_dump_on_demand+0x90) [0xf700e62b]
/opt/cadence/XCELIUM2209/tools.lnx86/simvision/bin/simvision.exe(svSigHandler+0xa6) [0x81d20bb]
[0xf7709410]
/opt/cadence/XCELIUM2209/tools.lnx86/simvision/bin/simvision.exe() [0x8a1c978]
/opt/cadence/XCELIUM2209/tools.lnx86/simvision/bin/simvision.exe(Tcl_FindHashEntry+0x94) [0x8a1c8b4]
/opt/cadence/XCELIUM2209/tools.lnx86/simvision/bin/simvision.exe() [0x8309da3]
/opt/cadence/XCELIUM2209/tools.lnx86/simvision/bin/simvision.exe() [0x82f0225]
/opt/cadence/XCELIUM2209/tools.lnx86/simvision/bin/simvision.exe() [0x823891c]
/opt/cadence/XCELIUM2209/tools.lnx86/simvision/bin/simvision.exe(da_delete+0x47) [0x8238a0d]
/opt/cadence/XCELIUM2209/tools.lnx86/simvision/bin/simvision.exe() [0x82226fb]
/opt/cadence/XCELIUM2209/tools.lnx86/simvision/bin/simvision.exe(TclDeleteCompiledLocalVars+0x166) [0x8a4e686]
/opt/cadence/XCELIUM2209/tools.lnx86/simvision/bin/simvision.exe(Tcl_PopCallFrame+0x56) [0x8a32bc6]
/opt/cadence/XCELIUM2209/tools.lnx86/simvision/bin/simvision.exe(TclObjInterpProc+0x26b) [0x8a3f51b]
/opt/cadence/XCELIUM2209/tools.lnx86/simvision/bin/simvision.exe(TclEvalObjvInternal+0x269) [0x89e9119]
/opt/cadence/XCELIUM2209/tools.lnx86/simvision/bin/simvision.exe() [0x8a126b1]
/opt/cadence/XCELIUM2209/tools.lnx86/simvision/bin/simvision.exe(TclCompEvalObj+0xe1) [0x8a16fa1]
/opt/cadence/XCELIUM2209/tools.lnx86/simvision/bin/simvision.exe(Tcl_EvalObjEx+0xaa) [0x89eb39a]
/opt/cadence/XCELIUM2209/tools.lnx86/simvision/bin/simvision.exe(Itcl_EvalMemberCode+0x276) [0x8afd1f4]
/opt/cadence/XCELIUM2209/tools.lnx86/simvision/bin/simvision.exe(Itcl_ExecMethod+0xb2) [0x8afdb8d]
/opt/cadence/XCELIUM2209/tools.lnx86/simvision/bin/simvision.exe(TclEvalObjvInternal+0x269) [0x89e9119]
/opt/cadence/XCELIUM2209/tools.lnx86/simvision/bin/simvision.exe() [0x8a126b1]
/opt/cadence/XCELIUM2209/tools.lnx86/simvision/bin/simvision.exe(TclCompEvalObj+0xe1) [0x8a16fa1]
/opt/cadence/XCELIUM2209/tools.lnx86/simvision/bin/simvision.exe(Tcl_EvalObjEx+0xaa) [0x89eb39a]
/opt/cadence/XCELIUM2209/tools.lnx86/simvision/bin/simvision.exe(Tcl_SwitchObjCmd+0x2d8) [0x89fae48]
/opt/cadence/XCELIUM2209/tools.lnx86/simvision/bin/simvision.exe(TclEvalObjvInternal+0x269) [0x89e9119]
/opt/cadence/XCELIUM2209/tools.lnx86/simvision/bin/simvision.exe() [0x8a126b1]
/opt/cadence/XCELIUM2209/tools.lnx86/simvision/bin/simvision.exe(TclCompEvalObj+0xe1) [0x8a16fa1]
/opt/cadence/XCELIUM2209/tools.lnx86/simvision/bin/simvision.exe(Tcl_EvalObjEx+0xaa) [0x89eb39a]
/opt/cadence/XCELIUM2209/tools.lnx86/simvision/bin/simvision.exe(Itcl_EvalMemberCode+0x276) [0x8afd1f4]
/opt/cadence/XCELIUM2209/tools.lnx86/simvision/bin/simvision.exe(Itcl_ExecMethod+0xb2) [0x8afdb8d]
/opt/cadence/XCELIUM2209/tools.lnx86/simvision/bin/simvision.exe(Itcl_EvalArgs+0x44) [0x8b030eb]
/opt/cadence/XCELIUM2209/tools.lnx86/simvision/bin/simvision.exe(Itcl_HandleInstance+0x113) [0x8afe3a0]
/opt/cadence/XCELIUM2209/tools.lnx86/simvision/bin/simvision.exe(TclEvalObjvInternal+0x269) [0x89e9119]
/opt/cadence/XCELIUM2209/tools.lnx86/simvision/bin/simvision.exe() [0x8a126b1]
/opt/cadence/XCELIUM2209/tools.lnx86/simvision/bin/simvision.exe(TclCompEvalObj+0xe1) [0x8a16fa1]
/opt/cadence/XCELIUM2209/tools.lnx86/simvision/bin/simvision.exe(Tcl_EvalObjEx+0xaa) [0x89eb39a]
/opt/cadence/XCELIUM2209/tools.lnx86/simvision/bin/simvision.exe() [0x8a32d16]
/opt/cadence/XCELIUM2209/tools.lnx86/simvision/bin/simvision.exe(Tcl_NamespaceObjCmd+0x49a) [0x8a34dda]
/opt/cadence/XCELIUM2209/tools.lnx86/simvision/bin/simvision.exe(TclEvalObjvInternal+0x269) [0x89e9119]
/opt/cadence/XCELIUM2209/tools.lnx86/simvision/bin/simvision.exe(Tcl_EvalEx+0x468) [0x89eab38]
/opt/cadence/XCELIUM2209/tools.lnx86/simvision/bin/simvision.exe(Tk_BindEvent+0x12f5) [0x8a6b9ca]
/opt/cadence/XCELIUM2209/tools.lnx86/simvision/bin/simvision.exe(TkBindEventProc+0x94) [0x8a6cd77]
/opt/cadence/XCELIUM2209/tools.lnx86/simvision/bin/simvision.exe(Tk_HandleEvent+0x857) [0x8a72f77]
/opt/cadence/XCELIUM2209/tools.lnx86/simvision/bin/simvision.exe() [0x8a72fe6]
/opt/cadence/XCELIUM2209/tools.lnx86/simvision/bin/simvision.exe(Tcl_ServiceEvent+0x73) [0x8a35c63]
/opt/cadence/XCELIUM2209/tools.lnx86/simvision/bin/simvision.exe(Tcl_DoOneEvent+0x9c) [0x8a35efc]
/opt/cadence/XCELIUM2209/tools.lnx86/simvision/bin/simvision.exe() [0x865053d]
/opt/cadence/XCELIUM2209/tools.lnx86/simvision/bin/simvision.exe() [0x8744eb8]
/opt/cadence/XCELIUM2209/tools.lnx86/simvision/bin/simvision.exe() [0x8a44a1b]
/opt/cadence/XCELIUM2209/tools.lnx86/simvision/bin/simvision.exe(Tcl_ServiceEvent+0x73) [0x8a35c63]
/opt/cadence/XCELIUM2209/tools.lnx86/simvision/bin/simvision.exe(Tcl_DoOneEvent+0x9c) [0x8a35efc]
/opt/cadence/XCELIUM2209/tools.lnx86/simvision/bin/simvision.exe(Tk_MainLoop+0x22) [0x8a73352]
/opt/cadence/XCELIUM2209/tools.lnx86/simvision/bin/simvision.exe(Tcl_AppInit+0xdcd) [0x81d2f0d]
/opt/cadence/XCELIUM2209/tools.lnx86/simvision/bin/simvision.exe(Pro_WrapTkMain+0x2d3) [0x81dadec]
/opt/cadence/XCELIUM2209/tools.lnx86/simvision/bin/simvision.exe(main+0xd3) [0x81d03eb]
/lib/libc.so.6(__libc_start_main+0xf3) [0xf72ad2d3]
/opt/cadence/XCELIUM2209/tools.lnx86/simvision/bin/simvision.exe() [0x81c6a24]
